TN:
SF:src/chart.js
FN:4,clamp
FN:16,createGraph
FN:20,(anonymous_2)
FN:56,generateChart
FN:71,(anonymous_4)
FN:72,(anonymous_5)
FN:90,tick
FN:92,(anonymous_7)
FN:93,(anonymous_8)
FN:94,(anonymous_9)
FN:95,(anonymous_10)
FN:97,(anonymous_11)
FN:98,(anonymous_12)
FN:101,click
FN:108,dragstart
FN:112,dragged
FN:119,scaleColorNode
FN:121,(anonymous_17)
FN:127,resetColorNode
FN:129,(anonymous_19)
FNF:20
FNH:5
FNDA:0,clamp
FNDA:8,createGraph
FNDA:14,(anonymous_2)
FNDA:3,generateChart
FNDA:4,(anonymous_4)
FNDA:4,(anonymous_5)
FNDA:0,tick
FNDA:0,(anonymous_7)
FNDA:0,(anonymous_8)
FNDA:0,(anonymous_9)
FNDA:0,(anonymous_10)
FNDA:0,(anonymous_11)
FNDA:0,(anonymous_12)
FNDA:0,click
FNDA:0,dragstart
FNDA:0,dragged
FNDA:0,scaleColorNode
FNDA:0,(anonymous_17)
FNDA:0,resetColorNode
FNDA:0,(anonymous_19)
DA:5,0
DA:17,8
DA:19,8
DA:23,14
DA:32,14
DA:41,14
DA:42,14
DA:44,14
DA:50,14
DA:57,3
DA:62,3
DA:67,3
DA:71,4
DA:72,4
DA:75,3
DA:83,3
DA:88,3
DA:91,0
DA:92,0
DA:93,0
DA:94,0
DA:95,0
DA:96,0
DA:97,0
DA:98,0
DA:102,0
DA:103,0
DA:104,0
DA:105,0
DA:109,0
DA:113,0
DA:114,0
DA:115,0
DA:120,0
DA:121,0
DA:128,0
DA:129,0
DA:135,3
LF:38
LH:17
BRDA:5,0,0,0
BRDA:5,0,1,0
BRDA:5,1,0,0
BRDA:5,1,1,0
BRDA:16,2,0,1
BRDA:71,3,0,2
BRDA:71,3,1,2
BRDA:72,4,0,2
BRDA:72,4,1,2
BRDA:119,5,0,0
BRDA:121,6,0,0
BRDA:121,6,1,0
BRDA:129,7,0,0
BRDA:129,7,1,0
BRF:14
BRH:5
end_of_record
TN:
SF:src/index.js
FN:26,(anonymous_0)
FN:60,runUpload
FN:62,(anonymous_2)
FN:72,(anonymous_3)
FN:91,(anonymous_4)
FN:96,preventDefaults
FN:102,(anonymous_6)
FN:106,(anonymous_7)
FN:110,highlight
FN:114,unhighlight
FN:121,handleDrop
FN:131,(anonymous_11)
FN:138,(anonymous_12)
FN:162,processImage
FN:188,(anonymous_14)
FN:194,(anonymous_15)
FN:200,(anonymous_16)
FN:201,(anonymous_17)
FN:203,(anonymous_18)
FN:232,(anonymous_19)
FN:234,(anonymous_20)
FN:238,(anonymous_21)
FN:287,handleImageDoubleClick
FN:336,addColorToPalette
FN:343,(anonymous_24)
FN:344,(anonymous_25)
FN:346,(anonymous_26)
FN:355,addClickIndicator
FN:373,(anonymous_28)
FN:378,exportPalette
FN:406,(anonymous_30)
FN:412,handleFiles
FN:425,(anonymous_32)
FN:452,(anonymous_33)
FN:460,(anonymous_34)
FN:465,(anonymous_35)
FN:486,(anonymous_36)
FN:498,(anonymous_37)
FN:518,(anonymous_38)
FN:528,(anonymous_39)
FN:540,(anonymous_40)
FN:560,(anonymous_41)
FNF:42
FNH:0
FNDA:0,(anonymous_0)
FNDA:0,runUpload
FNDA:0,(anonymous_2)
FNDA:0,(anonymous_3)
FNDA:0,(anonymous_4)
FNDA:0,preventDefaults
FNDA:0,(anonymous_6)
FNDA:0,(anonymous_7)
FNDA:0,highlight
FNDA:0,unhighlight
FNDA:0,handleDrop
FNDA:0,(anonymous_11)
FNDA:0,(anonymous_12)
FNDA:0,processImage
FNDA:0,(anonymous_14)
FNDA:0,(anonymous_15)
FNDA:0,(anonymous_16)
FNDA:0,(anonymous_17)
FNDA:0,(anonymous_18)
FNDA:0,(anonymous_19)
FNDA:0,(anonymous_20)
FNDA:0,(anonymous_21)
FNDA:0,handleImageDoubleClick
FNDA:0,addColorToPalette
FNDA:0,(anonymous_24)
FNDA:0,(anonymous_25)
FNDA:0,(anonymous_26)
FNDA:0,addClickIndicator
FNDA:0,(anonymous_28)
FNDA:0,exportPalette
FNDA:0,(anonymous_30)
FNDA:0,handleFiles
FNDA:0,(anonymous_32)
FNDA:0,(anonymous_33)
FNDA:0,(anonymous_34)
FNDA:0,(anonymous_35)
FNDA:0,(anonymous_36)
FNDA:0,(anonymous_37)
FNDA:0,(anonymous_38)
FNDA:0,(anonymous_39)
FNDA:0,(anonymous_40)
FNDA:0,(anonymous_41)
DA:6,0
DA:7,0
DA:8,0
DA:10,0
DA:11,0
DA:12,0
DA:13,0
DA:14,0
DA:16,0
DA:17,0
DA:18,0
DA:19,0
DA:20,0
DA:21,0
DA:24,0
DA:25,0
DA:26,0
DA:27,0
DA:58,0
DA:62,0
DA:64,0
DA:69,0
DA:70,0
DA:71,0
DA:72,0
DA:73,0
DA:74,0
DA:85,0
DA:86,0
DA:87,0
DA:88,0
DA:91,0
DA:92,0
DA:93,0
DA:97,0
DA:98,0
DA:102,0
DA:103,0
DA:106,0
DA:107,0
DA:111,0
DA:115,0
DA:119,0
DA:122,0
DA:123,0
DA:125,0
DA:126,0
DA:131,0
DA:132,0
DA:133,0
DA:138,0
DA:139,0
DA:143,0
DA:144,0
DA:147,0
DA:148,0
DA:151,0
DA:152,0
DA:155,0
DA:156,0
DA:157,0
DA:158,0
DA:159,0
DA:160,0
DA:163,0
DA:164,0
DA:165,0
DA:169,0
DA:170,0
DA:173,0
DA:174,0
DA:175,0
DA:179,0
DA:180,0
DA:182,0
DA:183,0
DA:184,0
DA:187,0
DA:188,0
DA:189,0
DA:190,0
DA:191,0
DA:194,0
DA:195,0
DA:196,0
DA:197,0
DA:200,0
DA:201,0
DA:202,0
DA:203,0
DA:204,0
DA:209,0
DA:212,0
DA:213,0
DA:214,0
DA:216,0
DA:226,0
DA:227,0
DA:228,0
DA:231,0
DA:232,0
DA:234,0
DA:235,0
DA:238,0
DA:239,0
DA:244,0
DA:245,0
DA:246,0
DA:248,0
DA:249,0
DA:252,0
DA:253,0
DA:254,0
DA:255,0
DA:261,0
DA:262,0
DA:263,0
DA:264,0
DA:265,0
DA:266,0
DA:267,0
DA:268,0
DA:270,0
DA:281,0
DA:282,0
DA:283,0
DA:288,0
DA:290,0
DA:291,0
DA:292,0
DA:295,0
DA:298,0
DA:299,0
DA:301,0
DA:302,0
DA:305,0
DA:308,0
DA:309,0
DA:310,0
DA:311,0
DA:312,0
DA:315,0
DA:316,0
DA:317,0
DA:320,0
DA:329,0
DA:330,0
DA:333,0
DA:337,0
DA:338,0
DA:339,0
DA:340,0
DA:343,0
DA:344,0
DA:345,0
DA:346,0
DA:347,0
DA:352,0
DA:357,0
DA:358,0
DA:359,0
DA:360,0
DA:361,0
DA:362,0
DA:363,0
DA:364,0
DA:365,0
DA:366,0
DA:367,0
DA:368,0
DA:370,0
DA:373,0
DA:374,0
DA:379,0
DA:380,0
DA:381,0
DA:385,0
DA:386,0
DA:388,0
DA:397,0
DA:398,0
DA:400,0
DA:401,0
DA:402,0
DA:403,0
DA:406,0
DA:407,0
DA:408,0
DA:413,0
DA:415,0
DA:416,0
DA:417,0
DA:418,0
DA:422,0
DA:423,0
DA:425,0
DA:427,0
DA:428,0
DA:429,0
DA:431,0
DA:432,0
DA:434,0
DA:435,0
DA:436,0
DA:437,0
DA:438,0
DA:440,0
DA:443,0
DA:444,0
DA:445,0
DA:448,0
DA:451,0
DA:453,0
DA:454,0
DA:455,0
DA:460,0
DA:461,0
DA:462,0
DA:464,0
DA:465,0
DA:466,0
DA:468,0
DA:470,0
DA:471,0
DA:474,0
DA:475,0
DA:480,0
DA:484,0
DA:485,0
DA:486,0
DA:487,0
DA:489,0
DA:490,0
DA:493,0
DA:494,0
DA:495,0
DA:498,0
DA:499,0
DA:500,0
DA:505,0
DA:506,0
DA:507,0
DA:508,0
DA:509,0
DA:510,0
DA:513,0
DA:514,0
DA:515,0
DA:518,0
DA:519,0
DA:520,0
DA:526,0
DA:527,0
DA:528,0
DA:529,0
DA:531,0
DA:532,0
DA:535,0
DA:536,0
DA:537,0
DA:540,0
DA:541,0
DA:542,0
DA:547,0
DA:548,0
DA:549,0
DA:550,0
DA:551,0
DA:552,0
DA:555,0
DA:556,0
DA:557,0
DA:560,0
DA:561,0
DA:562,0
LF:275
LH:0
BRDA:11,0,0,0
BRDA:11,0,1,0
BRDA:24,1,0,0
BRDA:24,1,1,0
BRDA:64,2,0,0
BRDA:64,2,1,0
BRDA:64,3,0,0
BRDA:64,3,1,0
BRDA:64,3,2,0
BRDA:64,3,3,0
BRDA:64,3,4,0
BRDA:125,4,0,0
BRDA:125,4,1,0
BRDA:132,5,0,0
BRDA:132,5,1,0
BRDA:163,6,0,0
BRDA:163,6,1,0
BRDA:174,7,0,0
BRDA:174,7,1,0
BRDA:189,8,0,0
BRDA:189,8,1,0
BRDA:245,9,0,0
BRDA:245,9,1,0
BRDA:248,10,0,0
BRDA:248,10,1,0
BRDA:248,11,0,0
BRDA:248,11,1,0
BRDA:252,12,0,0
BRDA:252,12,1,0
BRDA:254,13,0,0
BRDA:254,13,1,0
BRDA:262,14,0,0
BRDA:262,14,1,0
BRDA:262,15,0,0
BRDA:262,15,1,0
BRDA:264,16,0,0
BRDA:264,16,1,0
BRDA:264,17,0,0
BRDA:264,17,1,0
BRDA:266,18,0,0
BRDA:266,18,1,0
BRDA:266,19,0,0
BRDA:266,19,1,0
BRDA:288,20,0,0
BRDA:288,20,1,0
BRDA:288,21,0,0
BRDA:288,21,1,0
BRDA:295,22,0,0
BRDA:295,22,1,0
BRDA:295,23,0,0
BRDA:295,23,1,0
BRDA:295,23,2,0
BRDA:295,23,3,0
BRDA:305,24,0,0
BRDA:305,24,1,0
BRDA:305,25,0,0
BRDA:305,25,1,0
BRDA:305,25,2,0
BRDA:305,25,3,0
BRDA:379,26,0,0
BRDA:379,26,1,0
BRDA:413,27,0,0
BRDA:413,27,1,0
BRDA:416,28,0,0
BRDA:416,28,1,0
BRDA:464,29,0,0
BRDA:464,29,1,0
BRDA:464,30,0,0
BRDA:464,30,1,0
BRDA:468,31,0,0
BRDA:468,31,1,0
BRDA:485,32,0,0
BRDA:485,32,1,0
BRDA:527,33,0,0
BRDA:527,33,1,0
BRF:75
BRH:0
end_of_record
TN:
SF:src/algorithms/k-means-clustering.js
FN:10,(anonymous_0)
FN:12,(anonymous_1)
FN:14,(anonymous_2)
FN:17,(anonymous_3)
FN:22,(anonymous_4)
FN:26,(anonymous_5)
FN:26,(anonymous_6)
FN:31,(anonymous_7)
FN:33,(anonymous_8)
FN:37,kmeans
FN:41,(anonymous_10)
FN:48,(anonymous_11)
FN:49,(anonymous_12)
FN:54,(anonymous_13)
FN:68,(anonymous_14)
FN:68,(anonymous_15)
FN:69,(anonymous_16)
FN:74,(anonymous_17)
FN:75,(anonymous_18)
FN:80,(anonymous_19)
FN:89,Point
FN:93,(anonymous_21)
FN:94,(anonymous_22)
FN:101,Centroid
FN:105,(anonymous_24)
FN:106,(anonymous_25)
FN:112,getterSetter
FN:114,(anonymous_27)
FN:115,(anonymous_28)
FN:121,sumOfSquareDiffs
FN:122,(anonymous_30)
FN:125,(anonymous_31)
FN:128,mindex
FN:129,(anonymous_33)
FN:135,sumVectors
FN:136,(anonymous_35)
FN:139,averageLocation
FN:140,(anonymous_37)
FN:141,(anonymous_38)
FN:142,(anonymous_39)
FN:143,(anonymous_40)
FN:146,__kmeans
FN:152,(anonymous_42)
FN:162,(anonymous_43)
FN:163,(anonymous_44)
FNF:45
FNH:7
FNDA:7,(anonymous_0)
FNDA:19,(anonymous_1)
FNDA:19,(anonymous_2)
FNDA:0,(anonymous_3)
FNDA:0,(anonymous_4)
FNDA:0,(anonymous_5)
FNDA:0,(anonymous_6)
FNDA:8,(anonymous_7)
FNDA:8,(anonymous_8)
FNDA:0,kmeans
FNDA:0,(anonymous_10)
FNDA:0,(anonymous_11)
FNDA:0,(anonymous_12)
FNDA:0,(anonymous_13)
FNDA:0,(anonymous_14)
FNDA:0,(anonymous_15)
FNDA:0,(anonymous_16)
FNDA:0,(anonymous_17)
FNDA:0,(anonymous_18)
FNDA:0,(anonymous_19)
FNDA:0,Point
FNDA:0,(anonymous_21)
FNDA:0,(anonymous_22)
FNDA:0,Centroid
FNDA:0,(anonymous_24)
FNDA:0,(anonymous_25)
FNDA:3,getterSetter
FNDA:0,(anonymous_27)
FNDA:48,(anonymous_28)
FNDA:0,sumOfSquareDiffs
FNDA:0,(anonymous_30)
FNDA:0,(anonymous_31)
FNDA:0,mindex
FNDA:0,(anonymous_33)
FNDA:0,sumVectors
FNDA:0,(anonymous_35)
FNDA:0,averageLocation
FNDA:0,(anonymous_37)
FNDA:0,(anonymous_38)
FNDA:0,(anonymous_39)
FNDA:0,(anonymous_40)
FNDA:0,__kmeans
FNDA:0,(anonymous_42)
FNDA:0,(anonymous_43)
FNDA:0,(anonymous_44)
DA:8,1
DA:11,7
DA:12,7
DA:13,19
DA:14,19
DA:18,0
DA:19,0
DA:20,0
DA:22,0
DA:24,0
DA:26,0
DA:31,8
DA:33,8
DA:41,0
DA:42,0
DA:43,0
DA:48,0
DA:49,0
DA:54,0
DA:55,0
DA:56,0
DA:57,0
DA:68,0
DA:74,0
DA:75,0
DA:80,0
DA:85,0
DA:90,0
DA:91,0
DA:92,0
DA:93,0
DA:94,0
DA:95,0
DA:97,0
DA:102,0
DA:103,0
DA:104,0
DA:105,0
DA:106,0
DA:107,0
DA:113,3
DA:114,3
DA:115,3
DA:116,48
DA:117,23
DA:122,0
DA:123,0
DA:125,0
DA:129,0
DA:130,0
DA:132,0
DA:136,0
DA:140,0
DA:141,0
DA:142,0
DA:143,0
DA:148,0
DA:149,0
DA:152,0
DA:155,0
DA:156,0
DA:157,0
DA:161,0
DA:162,0
DA:163,0
DA:167,0
LF:66
LH:12
BRDA:42,0,0,0
BRDA:42,0,1,0
BRDA:107,1,0,0
BRDA:107,1,1,0
BRDA:114,2,0,3
BRDA:114,2,1,0
BRDA:116,3,0,25
BRDA:116,3,1,23
BRDA:117,4,0,13
BRDA:117,4,1,10
BRDA:148,5,0,0
BRDA:148,5,1,0
BRF:12
BRH:5
end_of_record
TN:
SF:src/algorithms/lfn.js
FN:7,(anonymous_0)
FN:7,(anonymous_1)
FN:8,(anonymous_2)
FN:8,(anonymous_3)
FN:10,(anonymous_4)
FN:15,(anonymous_5)
FN:21,(anonymous_6)
FN:25,(anonymous_7)
FN:33,(anonymous_8)
FN:46,(anonymous_9)
FN:57,(anonymous_10)
FN:58,(anonymous_11)
FN:60,(anonymous_12)
FN:62,(anonymous_13)
FN:62,(anonymous_14)
FN:66,(anonymous_15)
FN:67,(anonymous_16)
FN:70,(anonymous_17)
FN:70,(anonymous_18)
FN:71,(anonymous_19)
FN:71,(anonymous_20)
FN:72,(anonymous_21)
FN:74,(anonymous_22)
FN:77,(anonymous_23)
FN:79,(anonymous_24)
FN:82,(anonymous_25)
FN:83,(anonymous_26)
FN:88,(anonymous_27)
FN:89,(anonymous_28)
FN:95,(anonymous_29)
FN:99,(anonymous_30)
FN:105,(anonymous_31)
FN:115,(anonymous_32)
FN:121,(anonymous_33)
FN:128,(anonymous_34)
FN:129,(anonymous_35)
FN:139,(anonymous_36)
FN:142,(anonymous_37)
FNF:38
FNH:0
FNDA:0,(anonymous_0)
FNDA:0,(anonymous_1)
FNDA:0,(anonymous_2)
FNDA:0,(anonymous_3)
FNDA:0,(anonymous_4)
FNDA:0,(anonymous_5)
FNDA:0,(anonymous_6)
FNDA:0,(anonymous_7)
FNDA:0,(anonymous_8)
FNDA:0,(anonymous_9)
FNDA:0,(anonymous_10)
FNDA:0,(anonymous_11)
FNDA:0,(anonymous_12)
FNDA:0,(anonymous_13)
FNDA:0,(anonymous_14)
FNDA:0,(anonymous_15)
FNDA:0,(anonymous_16)
FNDA:0,(anonymous_17)
FNDA:0,(anonymous_18)
FNDA:0,(anonymous_19)
FNDA:0,(anonymous_20)
FNDA:0,(anonymous_21)
FNDA:0,(anonymous_22)
FNDA:0,(anonymous_23)
FNDA:0,(anonymous_24)
FNDA:0,(anonymous_25)
FNDA:0,(anonymous_26)
FNDA:0,(anonymous_27)
FNDA:0,(anonymous_28)
FNDA:0,(anonymous_29)
FNDA:0,(anonymous_30)
FNDA:0,(anonymous_31)
FNDA:0,(anonymous_32)
FNDA:0,(anonymous_33)
FNDA:0,(anonymous_34)
FNDA:0,(anonymous_35)
FNDA:0,(anonymous_36)
FNDA:0,(anonymous_37)
DA:7,0
DA:8,0
DA:10,0
DA:11,0
DA:13,0
DA:14,0
DA:15,0
DA:17,0
DA:18,0
DA:21,0
DA:22,0
DA:23,0
DA:24,0
DA:25,0
DA:27,0
DA:28,0
DA:33,0
DA:34,0
DA:35,0
DA:36,0
DA:37,0
DA:38,0
DA:39,0
DA:41,0
DA:46,0
DA:47,0
DA:48,0
DA:49,0
DA:50,0
DA:52,0
DA:57,0
DA:58,0
DA:59,0
DA:60,0
DA:62,0
DA:65,0
DA:66,0
DA:67,0
DA:70,0
DA:71,0
DA:74,0
DA:75,0
DA:79,0
DA:80,0
DA:83,0
DA:84,0
DA:85,0
DA:86,0
DA:89,0
DA:90,0
DA:91,0
DA:92,0
DA:97,0
DA:98,0
DA:99,0
DA:100,0
DA:106,0
DA:107,0
DA:108,0
DA:109,0
DA:110,0
DA:112,0
DA:116,0
DA:121,0
DA:122,0
DA:124,0
DA:125,0
DA:126,0
DA:127,0
DA:128,0
DA:129,0
DA:130,0
DA:131,0
DA:132,0
DA:133,0
DA:134,0
DA:135,0
DA:136,0
DA:137,0
DA:138,0
DA:139,0
DA:140,0
DA:141,0
DA:142,0
DA:144,0
LF:85
LH:0
BRDA:7,0,0,0
BRDA:7,0,1,0
BRDA:13,1,0,0
BRDA:13,1,1,0
BRDA:17,2,0,0
BRDA:17,2,1,0
BRDA:18,3,0,0
BRDA:18,3,1,0
BRDA:23,4,0,0
BRDA:23,4,1,0
BRDA:27,5,0,0
BRDA:27,5,1,0
BRDA:35,6,0,0
BRDA:35,6,1,0
BRDA:39,7,0,0
BRDA:39,7,1,0
BRDA:39,8,0,0
BRDA:39,8,1,0
BRDA:49,9,0,0
BRDA:49,9,1,0
BRDA:52,10,0,0
BRDA:52,10,1,0
BRDA:58,11,0,0
BRDA:58,11,1,0
BRDA:58,12,0,0
BRDA:58,12,1,0
BRDA:59,13,0,0
BRDA:59,13,1,0
BRDA:60,14,0,0
BRDA:60,14,1,0
BRDA:60,15,0,0
BRDA:60,15,1,0
BRDA:62,16,0,0
BRDA:62,16,1,0
BRDA:74,17,0,0
BRDA:74,17,1,0
BRDA:79,18,0,0
BRDA:79,18,1,0
BRDA:83,19,0,0
BRDA:83,19,1,0
BRDA:84,20,0,0
BRDA:84,20,1,0
BRDA:85,21,0,0
BRDA:85,21,1,0
BRDA:89,22,0,0
BRDA:89,22,1,0
BRDA:90,23,0,0
BRDA:90,23,1,0
BRDA:91,24,0,0
BRDA:91,24,1,0
BRDA:108,25,0,0
BRDA:108,25,1,0
BRDA:109,26,0,0
BRDA:109,26,1,0
BRDA:109,27,0,0
BRDA:109,27,1,0
BRDA:110,28,0,0
BRDA:110,28,1,0
BRDA:110,29,0,0
BRDA:110,29,1,0
BRDA:124,30,0,0
BRDA:124,30,1,0
BRDA:125,31,0,0
BRDA:125,31,1,0
BRDA:127,32,0,0
BRDA:127,32,1,0
BRDA:128,33,0,0
BRDA:128,33,1,0
BRDA:129,34,0,0
BRDA:129,34,1,0
BRDA:130,35,0,0
BRDA:130,35,1,0
BRDA:131,36,0,0
BRDA:131,36,1,0
BRDA:132,37,0,0
BRDA:132,37,1,0
BRDA:133,38,0,0
BRDA:133,38,1,0
BRDA:134,39,0,0
BRDA:134,39,1,0
BRDA:135,40,0,0
BRDA:135,40,1,0
BRDA:136,41,0,0
BRDA:136,41,1,0
BRDA:137,42,0,0
BRDA:137,42,1,0
BRDA:138,43,0,0
BRDA:138,43,1,0
BRDA:139,44,0,0
BRDA:139,44,1,0
BRDA:140,45,0,0
BRDA:140,45,1,0
BRDA:141,46,0,0
BRDA:141,46,1,0
BRDA:142,47,0,0
BRDA:142,47,1,0
BRF:96
BRH:0
end_of_record
TN:
SF:src/algorithms/sequencer.js
FN:3,(anonymous_0)
FN:16,(anonymous_1)
FN:20,(anonymous_2)
FN:28,(anonymous_3)
FN:36,(anonymous_4)
FN:40,(anonymous_5)
FN:61,(anonymous_6)
FN:66,(anonymous_7)
FN:76,(anonymous_8)
FN:81,(anonymous_9)
FN:86,(anonymous_10)
FN:89,(anonymous_11)
FN:94,(anonymous_12)
FN:95,(anonymous_13)
FN:96,(anonymous_14)
FN:107,(anonymous_15)
FN:115,(anonymous_16)
FN:123,(anonymous_17)
FN:132,(anonymous_18)
FN:136,(anonymous_19)
FN:137,(anonymous_20)
FN:151,(anonymous_21)
FN:152,(anonymous_22)
FN:153,(anonymous_23)
FN:155,(anonymous_24)
FN:157,(anonymous_25)
FN:164,(anonymous_26)
FN:166,(anonymous_27)
FN:166,(anonymous_28)
FNF:29
FNH:0
FNDA:0,(anonymous_0)
FNDA:0,(anonymous_1)
FNDA:0,(anonymous_2)
FNDA:0,(anonymous_3)
FNDA:0,(anonymous_4)
FNDA:0,(anonymous_5)
FNDA:0,(anonymous_6)
FNDA:0,(anonymous_7)
FNDA:0,(anonymous_8)
FNDA:0,(anonymous_9)
FNDA:0,(anonymous_10)
FNDA:0,(anonymous_11)
FNDA:0,(anonymous_12)
FNDA:0,(anonymous_13)
FNDA:0,(anonymous_14)
FNDA:0,(anonymous_15)
FNDA:0,(anonymous_16)
FNDA:0,(anonymous_17)
FNDA:0,(anonymous_18)
FNDA:0,(anonymous_19)
FNDA:0,(anonymous_20)
FNDA:0,(anonymous_21)
FNDA:0,(anonymous_22)
FNDA:0,(anonymous_23)
FNDA:0,(anonymous_24)
FNDA:0,(anonymous_25)
FNDA:0,(anonymous_26)
FNDA:0,(anonymous_27)
FNDA:0,(anonymous_28)
DA:3,0
DA:11,0
DA:12,0
DA:13,0
DA:14,0
DA:17,0
DA:21,0
DA:29,0
DA:37,0
DA:41,0
DA:63,0
DA:66,0
DA:67,0
DA:68,0
DA:70,0
DA:71,0
DA:78,0
DA:79,0
DA:80,0
DA:81,0
DA:83,0
DA:87,0
DA:88,0
DA:89,0
DA:91,0
DA:95,0
DA:96,0
DA:97,0
DA:98,0
DA:99,0
DA:102,0
DA:108,0
DA:109,0
DA:111,0
DA:116,0
DA:117,0
DA:119,0
DA:124,0
DA:128,0
DA:130,0
DA:137,0
DA:147,0
DA:152,0
DA:153,0
DA:155,0
DA:156,0
DA:157,0
DA:159,0
DA:165,0
DA:166,0
DA:168,0
DA:169,0
DA:172,0
DA:174,0
DA:175,0
DA:179,0
DA:180,0
DA:181,0
DA:184,0
LF:59
LH:0
BRDA:61,0,0,0
BRDA:66,1,0,0
BRDA:66,1,1,0
BRDA:67,2,0,0
BRDA:67,2,1,0
BRDA:80,3,0,0
BRDA:80,3,1,0
BRDA:88,4,0,0
BRDA:88,4,1,0
BRDA:94,5,0,0
BRDA:97,6,0,0
BRDA:97,6,1,0
BRDA:108,7,0,0
BRDA:108,7,1,0
BRDA:116,8,0,0
BRDA:116,8,1,0
BRDA:155,9,0,0
BRDA:155,9,1,0
BRDA:168,10,0,0
BRDA:168,10,1,0
BRDA:168,11,0,0
BRDA:168,11,1,0
BRDA:172,12,0,0
BRDA:172,12,1,0
BRDA:174,13,0,0
BRDA:174,13,1,0
BRDA:179,14,0,0
BRDA:179,14,1,0
BRF:28
BRH:0
end_of_record
